\BOOKMARK [1][-]{section.1}{\376\377\000B\000i\036\277\000n}{}% 1
\BOOKMARK [2][-]{subsection.1.1}{\376\377\000Q\000u\000y\000\040\000c\000\341\000c\000h\000\040\001\021\036\267\000t\000\040\000t\000\352\000n\000\040\000b\000i\036\277\000n}{section.1}% 2
\BOOKMARK [2][-]{subsection.1.2}{\376\377\000K\000h\000a\000i\000\040\000b\000\341\000o\000\040\000b\000i\036\277\000n}{section.1}% 3
\BOOKMARK [2][-]{subsection.1.3}{\376\377\000T\000h\000a\000m\000\040\000c\000h\000i\036\277\000u\000\040\001\021\036\321\000i\000\040\000t\001\260\036\343\000n\000g}{section.1}% 4
\BOOKMARK [2][-]{subsection.1.4}{\376\377\000D\000a\000n\000h\000\040\000t\000\355\000n\000h\000\040\001\021\036\321\000i\000\040\000t\001\260\036\343\000n\000g}{section.1}% 5
\BOOKMARK [1][-]{section.2}{\376\377\000C\000\341\000c\000\040\000k\000i\036\303\000u\000\040\000d\036\357\000\040\000l\000i\036\307\000u}{}% 6
\BOOKMARK [2][-]{subsection.2.1}{\376\377\000K\000i\036\303\000u\000\040\000c\000h\000u\036\327\000i}{section.2}% 7
\BOOKMARK [2][-]{subsection.2.2}{\376\377\000K\000i\036\303\000u\000\040\000s\036\321}{section.2}% 8
\BOOKMARK [2][-]{subsection.2.3}{\376\377\000K\000i\036\303\000u\000\040\000l\000o\000g\000i\000c}{section.2}% 9
\BOOKMARK [2][-]{subsection.2.4}{\376\377\000K\000i\036\303\000u\000\040\000N\000o\000n\000e}{section.2}% 10
\BOOKMARK [2][-]{subsection.2.5}{\376\377\000C\000\341\000c\000\040\000c\000o\000l\000l\000e\000c\000t\000i\000o\000n\000s}{section.2}% 11
\BOOKMARK [3][-]{subsubsection.2.5.1}{\376\377\000L\000i\000s\000t}{subsection.2.5}% 12
\BOOKMARK [3][-]{subsubsection.2.5.2}{\376\377\000T\000u\000p\000l\000e}{subsection.2.5}% 13
\BOOKMARK [3][-]{subsubsection.2.5.3}{\376\377\000D\000i\000c\000t\000i\000o\000n\000a\000r\000y}{subsection.2.5}% 14
\BOOKMARK [3][-]{subsubsection.2.5.4}{\376\377\000S\000e\000t}{subsection.2.5}% 15
\BOOKMARK [1][-]{section.3}{\376\377\000C\000\341\000c\000\040\000t\036\353\000\040\000k\000h\000o\000\341}{}% 16
\BOOKMARK [1][-]{section.4}{\376\377\000C\000h\000\372\000\040\000t\000h\000\355\000c\000h}{}% 17
\BOOKMARK [2][-]{subsection.4.1}{\376\377\000C\000h\000\372\000\040\000t\000h\000\355\000c\000h}{section.4}% 18
\BOOKMARK [2][-]{subsection.4.2}{\376\377\000D\000o\000c\000s\000t\000r\000i\000n\000g\000s}{section.4}% 19
\BOOKMARK [1][-]{section.5}{\376\377\000T\000o\000\341\000n\000\040\000t\036\355}{}% 20
\BOOKMARK [2][-]{subsection.5.1}{\376\377\000T\000o\000\341\000n\000\040\000t\036\355\000\040\000s\036\321\000\040\000h\036\315\000c}{section.5}% 21
\BOOKMARK [2][-]{subsection.5.2}{\376\377\000T\000o\000\341\000n\000\040\000t\036\355\000\040\000s\000o\000\040\000s\000\341\000n\000h}{section.5}% 22
\BOOKMARK [2][-]{subsection.5.3}{\376\377\000T\000o\000\341\000n\000\040\000t\036\355\000\040\000g\000\341\000n}{section.5}% 23
\BOOKMARK [2][-]{subsection.5.4}{\376\377\000T\000o\000\341\000n\000\040\000t\036\355\000\040\000l\000o\000g\000i\000c}{section.5}% 24
\BOOKMARK [2][-]{subsection.5.5}{\376\377\000T\000o\000\341\000n\000\040\000t\036\355\000\040\000b\000i\000w\000t\000e\000r}{section.5}% 25
\BOOKMARK [2][-]{subsection.5.6}{\376\377\000T\000o\000\341\000n\000\040\000t\036\355\000\040\000k\000h\000a\000i\000\040\000t\000h\000\341\000c}{section.5}% 26
\BOOKMARK [2][-]{subsection.5.7}{\376\377\000T\000o\000\341\000n\000\040\000t\036\355\000\040\000x\000\341\000c\000\040\000t\000h\036\361\000c}{section.5}% 27
\BOOKMARK [1][-]{section.6}{\376\377\000N\000h\036\255\000p\000,\000\040\000x\000u\036\245\000t\000\040\000d\036\357\000\040\000l\000i\036\307\000u}{}% 28
\BOOKMARK [1][-]{section.7}{\376\377\000C\000\342\000u\000\040\000l\036\307\000n\000h\000\040\000r\036\275\000\040\000n\000h\000\341\000n\000h}{}% 29
\BOOKMARK [2][-]{subsection.7.1}{\376\377\000C\000\342\000u\000\040\000l\036\307\000n\000h\000\040\000i\000f}{section.7}% 30
\BOOKMARK [2][-]{subsection.7.2}{\376\377\000C\000\342\000u\000\040\000l\036\307\000n\000h\000\040\000i\000f\000\040\000-\000\040\000e\000l\000s\000e}{section.7}% 31
\BOOKMARK [2][-]{subsection.7.3}{\376\377\000C\000\342\000u\000\040\000l\036\307\000n\000h\000\040\000i\000f\000\040\000-\000\040\000e\000l\000i\000f\000\040\000\050\000e\000l\000s\000e\000\040\000i\000f\000\051\000\040\000-\000\040\000e\000l\000s\000e}{section.7}% 32
\BOOKMARK [2][-]{subsection.7.4}{\376\377\000S\000w\000i\000t\000c\000h\000\040\000-\000\040\000c\000a\000s\000e}{section.7}% 33
\BOOKMARK [1][-]{section.8}{\376\377\000V\000\362\000n\000g\000\040\000l\036\267\000p}{}% 34
\BOOKMARK [2][-]{subsection.8.1}{\376\377\000V\000\362\000n\000g\000\040\000l\036\267\000p\000\040\000f\000o\000r}{section.8}% 35
\BOOKMARK [2][-]{subsection.8.2}{\376\377\000V\000\362\000n\000g\000\040\000l\036\267\000p\000\040\000w\000h\000i\000l\000e}{section.8}% 36
\BOOKMARK [2][-]{subsection.8.3}{\376\377\000T\036\353\000\040\000k\000h\000o\000\341\000\040\000c\000o\000n\000t\000i\000n\000u\000e\000,\000\040\000b\000r\000e\000a\000k\000,\000\040\000p\000a\000s\000s}{section.8}% 37
\BOOKMARK [3][-]{subsubsection.8.3.1}{\376\377\000C\000o\000n\000t\000i\000n\000u\000e}{subsection.8.3}% 38
\BOOKMARK [3][-]{subsubsection.8.3.2}{\376\377\000B\000r\000e\000a\000k}{subsection.8.3}% 39
\BOOKMARK [3][-]{subsubsection.8.3.3}{\376\377\000P\000a\000s\000s}{subsection.8.3}% 40
\BOOKMARK [1][-]{section.9}{\376\377\000N\000g\000o\036\241\000i\000\040\000l\036\307\000\040\000v\000\340\000\040\000x\036\355\000\040\000l\000\375\000\040\000n\000g\000o\036\241\000i\000\040\000l\036\307}{}% 41
\BOOKMARK [2][-]{subsection.9.1}{\376\377\000N\000g\000o\036\241\000i\000\040\000l\036\307\000\040\000l\000\340\000\040\000g\000\354\000?\000\040\000C\000\341\000c\000\040\000l\000o\036\241\000i\000\040\000n\000g\000o\036\241\000i\000\040\000l\036\307\000\040\000t\000r\000o\000n\000g\000\040\000P\000y\000t\000h\000o\000n}{section.9}% 42
\BOOKMARK [2][-]{subsection.9.2}{\376\377\000X\036\355\000\040\000l\000\375\000\040\000n\000g\000o\036\241\000i\000\040\000l\036\307\000\040\000v\036\333\000i\000\040\000t\000r\000y\000\040\000-\000\040\000e\000x\000c\000e\000p\000t\000\040\000-\000\040\000f\000i\000n\000a\000l\000l\000y}{section.9}% 43
\BOOKMARK [2][-]{subsection.9.3}{\376\377\000N\000g\000o\036\241\000i\000\040\000l\036\307\000\040\000d\000o\000\040\000n\000g\001\260\036\335\000i\000\040\000d\000\371\000n\000g\000\040\000t\036\361\000\040\001\021\036\313\000n\000h\000\040\000n\000g\000h\001\051\000a}{section.9}% 44
